<?xml version="1.0" encoding="UTF-8"?>
<!-- Generated by org.testng.reporters.JUnitReportReporter -->
<testsuite hostname="Anupam-PC" failures="0" tests="1" name="redbus.RedBus" time="30.560" errors="0" timestamp="2023-01-04T12:34:36 IST" skipped="0">
  <testcase classname="redbus.RedBus" name="doubleToggleArrow" time="30.560"/>
  <system-out/>
</testsuite> <!-- redbus.RedBus -->
