<?xml version="1.0" encoding="UTF-8"?>
<!-- Generated by org.testng.reporters.JUnitReportReporter -->
<testsuite hostname="Anupam-PC" failures="0" tests="1" name="datadriventesting.RunTimePolymorphism" time="14.344" errors="0" timestamp="2022-12-16T05:43:34 IST" skipped="0">
  <testcase classname="datadriventesting.RunTimePolymorphism" name="polymorphism" time="14.344"/>
  <system-out/>
</testsuite> <!-- datadriventesting.RunTimePolymorphism -->
