<?xml version="1.0" encoding="UTF-8"?>
<!-- Generated by org.testng.reporters.JUnitReportReporter -->
<testsuite hostname="Anupam-PC" failures="0" tests="5" name="testngpracctice.DataProviderInAnotherClass" time="0.051" errors="0" timestamp="2023-01-14T07:35:34 IST" skipped="0">
  <testcase classname="testngpracctice.DataProviderInAnotherClass" name="bookTicketTest" time="0.011"/>
  <system-out/>
  <testcase classname="testngpracctice.DataProviderInAnotherClass" name="bookTicketTest" time="0.009"/>
  <system-out/>
  <testcase classname="testngpracctice.DataProviderInAnotherClass" name="bookTicketTest" time="0.009"/>
  <system-out/>
  <testcase classname="testngpracctice.DataProviderInAnotherClass" name="bookTicketTest" time="0.013"/>
  <system-out/>
  <testcase classname="testngpracctice.DataProviderInAnotherClass" name="bookTicketTest" time="0.009"/>
  <system-out/>
</testsuite> <!-- testngpracctice.DataProviderInAnotherClass -->
