<?xml version="1.0" encoding="UTF-8"?>
<!-- Generated by org.testng.reporters.JUnitReportReporter -->
<testsuite hostname="Anupam-PC" failures="0" tests="1" name="datadriventesting.YearDropdownHandling" time="50.541" errors="0" timestamp="2022-12-16T06:21:42 IST" skipped="0">
  <testcase classname="datadriventesting.YearDropdownHandling" name="yearDropdownHandling" time="50.541"/>
  <system-out/>
</testsuite> <!-- datadriventesting.YearDropdownHandling -->
