<?xml version="1.0" encoding="UTF-8"?>
<!-- Generated by org.testng.reporters.JUnitReportReporter -->
<testsuite hostname="Anupam-PC" failures="0" tests="5" name="testngpracctice.BookTicketByReadingTheData" time="0.030" errors="0" timestamp="2023-01-14T07:34:31 IST" skipped="0">
  <testcase classname="testngpracctice.BookTicketByReadingTheData" name="bookTicketTest" time="0.005"/>
  <system-out/>
  <testcase classname="testngpracctice.BookTicketByReadingTheData" name="bookTicketTest" time="0.003"/>
  <system-out/>
  <testcase classname="testngpracctice.BookTicketByReadingTheData" name="bookTicketTest" time="0.010"/>
  <system-out/>
  <testcase classname="testngpracctice.BookTicketByReadingTheData" name="bookTicketTest" time="0.005"/>
  <system-out/>
  <testcase classname="testngpracctice.BookTicketByReadingTheData" name="bookTicketTest" time="0.007"/>
  <system-out/>
</testsuite> <!-- testngpracctice.BookTicketByReadingTheData -->
