<?xml version="1.0" encoding="UTF-8"?>
<!-- Generated by org.testng.reporters.JUnitReportReporter -->
<testsuite hostname="Anupam-PC" failures="0" tests="1" name="datadriventesting.DayDropdownHandling" time="10.500" errors="0" timestamp="2022-12-16T06:29:13 IST" skipped="0">
  <testcase classname="datadriventesting.DayDropdownHandling" name="datedropdownhandling" time="10.500"/>
  <system-out/>
</testsuite> <!-- datadriventesting.DayDropdownHandling -->
